  utils.cpp
  Source.cpp
g:\new folder\snakegame\snakegame\source.cpp(114): warning C4244: 'argument': conversion from 'int' to 'GLfloat', possible loss of data
g:\new folder\snakegame\snakegame\source.cpp(124): warning C4244: '=': conversion from 'int' to 'float', possible loss of data
g:\new folder\snakegame\snakegame\source.cpp(125): warning C4244: '=': conversion from 'int' to 'float', possible loss of data
g:\new folder\snakegame\snakegame\source.cpp(155): warning C4244: 'argument': conversion from 'int' to 'GLfloat', possible loss of data
g:\new folder\snakegame\snakegame\source.cpp(181): warning C4244: 'argument': conversion from 'int' to 'GLfloat', possible loss of data
g:\new folder\snakegame\snakegame\source.cpp(207): warning C4244: 'argument': conversion from 'int' to 'GLfloat', possible loss of data
g:\new folder\snakegame\snakegame\source.cpp(224): warning C4244: 'argument': conversion from 'int' to 'GLfloat', possible loss of data
g:\new folder\snakegame\snakegame\source.cpp(236): warning C4244: 'argument': conversion from 'int' to 'GLfloat', possible loss of data
g:\new folder\snakegame\snakegame\source.cpp(298): warning C4244: 'argument': conversion from 'double' to 'GLfloat', possible loss of data
g:\new folder\snakegame\snakegame\source.cpp(298): warning C4244: 'argument': conversion from 'int' to 'GLfloat', possible loss of data
g:\new folder\snakegame\snakegame\source.cpp(299): warning C4305: 'argument': truncation from 'double' to 'float'
g:\new folder\snakegame\snakegame\source.cpp(311): warning C4244: 'argument': conversion from 'double' to 'GLfloat', possible loss of data
g:\new folder\snakegame\snakegame\source.cpp(311): warning C4244: 'argument': conversion from 'int' to 'GLfloat', possible loss of data
g:\new folder\snakegame\snakegame\source.cpp(312): warning C4305: 'argument': truncation from 'double' to 'float'
g:\new folder\snakegame\snakegame\source.cpp(324): warning C4244: 'argument': conversion from 'int' to 'GLfloat', possible loss of data
g:\new folder\snakegame\snakegame\source.cpp(362): warning C4305: 'argument': truncation from 'double' to 'GLclampf'
g:\new folder\snakegame\snakegame\source.cpp(374): warning C4305: 'argument': truncation from 'double' to 'float'
g:\new folder\snakegame\snakegame\source.cpp(452): warning C4244: '=': conversion from 'int' to 'float', possible loss of data
g:\new folder\snakegame\snakegame\source.cpp(488): warning C4244: '=': conversion from 'int' to 'float', possible loss of data
g:\new folder\snakegame\snakegame\source.cpp(489): warning C4244: '=': conversion from 'int' to 'float', possible loss of data
g:\new folder\snakegame\snakegame\source.cpp(505): warning C4305: '+=': truncation from 'double' to 'float'
g:\new folder\snakegame\snakegame\source.cpp(508): warning C4305: '-=': truncation from 'double' to 'float'
g:\new folder\snakegame\snakegame\source.cpp(543): warning C4305: 'argument': truncation from 'double' to 'float'
g:\new folder\snakegame\snakegame\source.cpp(531): warning C4996: 'sprintf': This function or variable may be unsafe. Consider using sprintf_s instead. To disable deprecation, use _CRT_SECURE_NO_WARNINGS. See online help for details.
  c:\program files (x86)\windows kits\10\include\10.0.10240.0\ucrt\stdio.h(1769): note: see declaration of 'sprintf'
  menu.cpp
  Generating Code...
  SnakeGame.vcxproj -> G:\New folder\SnakeGame\Debug\SnakeGame.exe
  SnakeGame.vcxproj -> G:\New folder\SnakeGame\Debug\SnakeGame.pdb (Full PDB)
